# JRE version: OpenJDK Runtime Environment (17.0.12+7) (build 17.0.12+7-Ubuntu-1ubuntu224.04)
# Java VM: OpenJDK 64-Bit Server VM (17.0.12+7-Ubuntu-1ubuntu224.04, mixed mode, sharing, tiered, compressed oops, compressed class ptrs, g1 gc, linux-amd64)
GC Precious Log:
 CPUs: 16 total, 12 available
 Memory: 7278M
 Large Page Support: Disabled
 NUMA Support: Disabled
 Compressed Oops: Enabled (32-bit)
 Heap Region Size: 1M
 Heap Min Capacity: 8M
 Heap Initial Capacity: 114M
 Heap Max Capacity: 1820M
 Pre-touch: Disabled
 Parallel Workers: 10
 Concurrent Workers: 3
 Concurrent Refinement Workers: 10
 Periodic GC: Disabled
Heap:
 garbage-first heap   total 106496K, used 53711K [0x000000008e400000, 0x0000000100000000)
  region size 1024K, 26 young (26624K), 6 survivors (6144K)
 Metaspace       used 71475K, committed 72000K, reserved 1114112K
  class space    used 10067K, committed 10304K, reserved 1048576K
GC Heap History (20 events):
Event: 1.430 GC heap before
{Heap before GC invocations=5 (full 0):
 garbage-first heap   total 68608K, used 53342K [0x000000008e400000, 0x0000000100000000)
  region size 1024K, 44 young (45056K), 7 survivors (7168K)
 Metaspace       used 25193K, committed 25536K, reserved 1114112K
  class space    used 3345K, committed 3520K, reserved 1048576K
}
Event: 1.438 GC heap after
{Heap after GC invocations=6 (full 0):
 garbage-first heap   total 68608K, used 19554K [0x000000008e400000, 0x0000000100000000)
  region size 1024K, 5 young (5120K), 5 survivors (5120K)
 Metaspace       used 25193K, committed 25536K, reserved 1114112K
  class space    used 3345K, committed 3520K, reserved 1048576K
}
Event: 1.447 GC heap before
{Heap before GC invocations=6 (full 0):
 garbage-first heap   total 68608K, used 20578K [0x000000008e400000, 0x0000000100000000)
  region size 1024K, 6 young (6144K), 5 survivors (5120K)
 Metaspace       used 25232K, committed 25536K, reserved 1114112K
  class space    used 3350K, committed 3520K, reserved 1048576K
}
Event: 1.452 GC heap after
{Heap after GC invocations=7 (full 0):
 garbage-first heap   total 68608K, used 20104K [0x000000008e400000, 0x0000000100000000)
  region size 1024K, 1 young (1024K), 1 survivors (1024K)
 Metaspace       used 25232K, committed 25536K, reserved 1114112K
  class space    used 3350K, committed 3520K, reserved 1048576K
}
Event: 1.700 GC heap before
{Heap before GC invocations=7 (full 0):
 garbage-first heap   total 68608K, used 47752K [0x000000008e400000, 0x0000000100000000)
  region size 1024K, 28 young (28672K), 1 survivors (1024K)
 Metaspace       used 27603K, committed 27904K, reserved 1114112K
  class space    used 3663K, committed 3840K, reserved 1048576K
}
Event: 1.703 GC heap after
{Heap after GC invocations=8 (full 0):
 garbage-first heap   total 137216K, used 20403K [0x000000008e400000, 0x0000000100000000)
  region size 1024K, 2 young (2048K), 2 survivors (2048K)
 Metaspace       used 27603K, committed 27904K, reserved 1114112K
  class space    used 3663K, committed 3840K, reserved 1048576K
}
Event: 2.285 GC heap before
{Heap before GC invocations=8 (full 0):
 garbage-first heap   total 137216K, used 98227K [0x000000008e400000, 0x0000000100000000)
  region size 1024K, 79 young (80896K), 2 survivors (2048K)
 Metaspace       used 35694K, committed 36096K, reserved 1114112K
  class space    used 4883K, committed 5056K, reserved 1048576K
}
Event: 2.289 GC heap after
{Heap after GC invocations=9 (full 0):
 garbage-first heap   total 137216K, used 23103K [0x000000008e400000, 0x0000000100000000)
  region size 1024K, 4 young (4096K), 4 survivors (4096K)
 Metaspace       used 35694K, committed 36096K, reserved 1114112K
  class space    used 4883K, committed 5056K, reserved 1048576K
}
Event: 2.786 GC heap before
{Heap before GC invocations=10 (full 0):
 garbage-first heap   total 89088K, used 72255K [0x000000008e400000, 0x0000000100000000)
  region size 1024K, 52 young (53248K), 4 survivors (4096K)
 Metaspace       used 46082K, committed 46464K, reserved 1114112K
  class space    used 6280K, committed 6464K, reserved 1048576K
}
Event: 2.792 GC heap after
{Heap after GC invocations=11 (full 0):
 garbage-first heap   total 89088K, used 25855K [0x000000008e400000, 0x0000000100000000)
  region size 1024K, 6 young (6144K), 6 survivors (6144K)
 Metaspace       used 46082K, committed 46464K, reserved 1114112K
  class space    used 6280K, committed 6464K, reserved 1048576K
}
Event: 3.044 GC heap before
{Heap before GC invocations=11 (full 0):
 garbage-first heap   total 89088K, used 68863K [0x000000008e400000, 0x0000000100000000)
  region size 1024K, 48 young (49152K), 6 survivors (6144K)
 Metaspace       used 51083K, committed 51520K, reserved 1114112K
  class space    used 6917K, committed 7104K, reserved 1048576K
}
Event: 3.050 GC heap after
{Heap after GC invocations=12 (full 0):
 garbage-first heap   total 89088K, used 27025K [0x000000008e400000, 0x0000000100000000)
  region size 1024K, 4 young (4096K), 4 survivors (4096K)
 Metaspace       used 51083K, committed 51520K, reserved 1114112K
  class space    used 6917K, committed 7104K, reserved 1048576K
}
Event: 3.347 GC heap before
{Heap before GC invocations=12 (full 0):
 garbage-first heap   total 89088K, used 69009K [0x000000008e400000, 0x0000000100000000)
  region size 1024K, 46 young (47104K), 4 survivors (4096K)
 Metaspace       used 57251K, committed 57728K, reserved 1114112K
  class space    used 7956K, committed 8192K, reserved 1048576K
}
Event: 3.351 GC heap after
{Heap after GC invocations=13 (full 0):
 garbage-first heap   total 107520K, used 27781K [0x000000008e400000, 0x0000000100000000)
  region size 1024K, 2 young (2048K), 2 survivors (2048K)
 Metaspace       used 57251K, committed 57728K, reserved 1114112K
  class space    used 7956K, committed 8192K, reserved 1048576K
}
Event: 3.543 GC heap before
{Heap before GC invocations=13 (full 0):
 garbage-first heap   total 107520K, used 49285K [0x000000008e400000, 0x0000000100000000)
  region size 1024K, 24 young (24576K), 2 survivors (2048K)
 Metaspace       used 60064K, committed 60480K, reserved 1114112K
  class space    used 8317K, committed 8512K, reserved 1048576K
}
Event: 3.548 GC heap after
{Heap after GC invocations=14 (full 0):
 garbage-first heap   total 107520K, used 28805K [0x000000008e400000, 0x0000000100000000)
  region size 1024K, 3 young (3072K), 3 survivors (3072K)
 Metaspace       used 60064K, committed 60480K, reserved 1114112K
  class space    used 8317K, committed 8512K, reserved 1048576K
}
Event: 4.018 GC heap before
{Heap before GC invocations=15 (full 0):
 garbage-first heap   total 106496K, used 87173K [0x000000008e400000, 0x0000000100000000)
  region size 1024K, 60 young (61440K), 3 survivors (3072K)
 Metaspace       used 65490K, committed 65984K, reserved 1114112K
  class space    used 9116K, committed 9344K, reserved 1048576K
}
Event: 4.027 GC heap after
{Heap after GC invocations=16 (full 0):
 garbage-first heap   total 106496K, used 32431K [0x000000008e400000, 0x0000000100000000)
  region size 1024K, 7 young (7168K), 7 survivors (7168K)
 Metaspace       used 65490K, committed 65984K, reserved 1114112K
  class space    used 9116K, committed 9344K, reserved 1048576K
}
Event: 4.843 GC heap before
{Heap before GC invocations=16 (full 0):
 garbage-first heap   total 106496K, used 84655K [0x000000008e400000, 0x0000000100000000)
  region size 1024K, 58 young (59392K), 7 survivors (7168K)
 Metaspace       used 70536K, committed 71104K, reserved 1114112K
  class space    used 9918K, committed 10176K, reserved 1048576K
}
Event: 4.856 GC heap after
{Heap after GC invocations=17 (full 0):
 garbage-first heap   total 106496K, used 34255K [0x000000008e400000, 0x0000000100000000)
  region size 1024K, 6 young (6144K), 6 survivors (6144K)
 Metaspace       used 70536K, committed 71104K, reserved 1114112K
  class space    used 9918K, committed 10176K, reserved 1048576K
}

