# JRE version: OpenJDK Runtime Environment (17.0.12+7) (build 17.0.12+7-Ubuntu-1ubuntu224.04)
# Java VM: OpenJDK 64-Bit Server VM (17.0.12+7-Ubuntu-1ubuntu224.04, mixed mode, sharing, tiered, compressed oops, compressed class ptrs, g1 gc, linux-amd64)
GC Precious Log:
 CPUs: 16 total, 12 available
 Memory: 7278M
 Large Page Support: Disabled
 NUMA Support: Disabled
 Compressed Oops: Enabled (32-bit)
 Heap Region Size: 1M
 Heap Min Capacity: 8M
 Heap Initial Capacity: 114M
 Heap Max Capacity: 1820M
 Pre-touch: Disabled
 Parallel Workers: 10
 Concurrent Workers: 3
 Concurrent Refinement Workers: 10
 Periodic GC: Disabled
Heap:
 garbage-first heap   total 124928K, used 64856K [0x000000008e400000, 0x0000000100000000)
  region size 1024K, 34 young (34816K), 3 survivors (3072K)
 Metaspace       used 71514K, committed 72064K, reserved 1114112K
  class space    used 10070K, committed 10368K, reserved 1048576K
GC Heap History (20 events):
Event: 1.831 GC heap before
{Heap before GC invocations=7 (full 0):
 garbage-first heap   total 71680K, used 52183K [0x000000008e400000, 0x0000000100000000)
  region size 1024K, 37 young (37888K), 4 survivors (4096K)
 Metaspace       used 26856K, committed 27136K, reserved 1114112K
  class space    used 3568K, committed 3712K, reserved 1048576K
}
Event: 1.838 GC heap after
{Heap after GC invocations=8 (full 0):
 garbage-first heap   total 86016K, used 20276K [0x000000008e400000, 0x0000000100000000)
  region size 1024K, 4 young (4096K), 4 survivors (4096K)
 Metaspace       used 26856K, committed 27136K, reserved 1114112K
  class space    used 3568K, committed 3712K, reserved 1048576K
}
Event: 2.323 GC heap before
{Heap before GC invocations=8 (full 0):
 garbage-first heap   total 86016K, used 64308K [0x000000008e400000, 0x0000000100000000)
  region size 1024K, 47 young (48128K), 4 survivors (4096K)
 Metaspace       used 30718K, committed 31104K, reserved 1114112K
  class space    used 4150K, committed 4352K, reserved 1048576K
}
Event: 2.330 GC heap after
{Heap after GC invocations=9 (full 0):
 garbage-first heap   total 86016K, used 22666K [0x000000008e400000, 0x0000000100000000)
  region size 1024K, 6 young (6144K), 6 survivors (6144K)
 Metaspace       used 30718K, committed 31104K, reserved 1114112K
  class space    used 4150K, committed 4352K, reserved 1048576K
}
Event: 2.702 GC heap before
{Heap before GC invocations=9 (full 0):
 garbage-first heap   total 86016K, used 64650K [0x000000008e400000, 0x0000000100000000)
  region size 1024K, 47 young (48128K), 6 survivors (6144K)
 Metaspace       used 35612K, committed 35968K, reserved 1114112K
  class space    used 4863K, committed 5056K, reserved 1048576K
}
Event: 2.708 GC heap after
{Heap after GC invocations=10 (full 0):
 garbage-first heap   total 86016K, used 23559K [0x000000008e400000, 0x0000000100000000)
  region size 1024K, 4 young (4096K), 4 survivors (4096K)
 Metaspace       used 35612K, committed 35968K, reserved 1114112K
  class space    used 4863K, committed 5056K, reserved 1048576K
}
Event: 2.708 GC heap before
{Heap before GC invocations=10 (full 0):
 garbage-first heap   total 86016K, used 23559K [0x000000008e400000, 0x0000000100000000)
  region size 1024K, 5 young (5120K), 4 survivors (4096K)
 Metaspace       used 35630K, committed 35968K, reserved 1114112K
  class space    used 4863K, committed 5056K, reserved 1048576K
}
Event: 2.712 GC heap after
{Heap after GC invocations=11 (full 0):
 garbage-first heap   total 86016K, used 23439K [0x000000008e400000, 0x0000000100000000)
  region size 1024K, 4 young (4096K), 4 survivors (4096K)
 Metaspace       used 35630K, committed 35968K, reserved 1114112K
  class space    used 4863K, committed 5056K, reserved 1048576K
}
Event: 3.191 GC heap before
{Heap before GC invocations=12 (full 0):
 garbage-first heap   total 86016K, used 66447K [0x000000008e400000, 0x0000000100000000)
  region size 1024K, 46 young (47104K), 4 survivors (4096K)
 Metaspace       used 45171K, committed 45568K, reserved 1114112K
  class space    used 6137K, committed 6336K, reserved 1048576K
}
Event: 3.197 GC heap after
{Heap after GC invocations=13 (full 0):
 garbage-first heap   total 103424K, used 25581K [0x000000008e400000, 0x0000000100000000)
  region size 1024K, 4 young (4096K), 4 survivors (4096K)
 Metaspace       used 45171K, committed 45568K, reserved 1114112K
  class space    used 6137K, committed 6336K, reserved 1048576K
}
Event: 3.591 GC heap before
{Heap before GC invocations=13 (full 0):
 garbage-first heap   total 103424K, used 80877K [0x000000008e400000, 0x0000000100000000)
  region size 1024K, 58 young (59392K), 4 survivors (4096K)
 Metaspace       used 51371K, committed 51840K, reserved 1114112K
  class space    used 6959K, committed 7168K, reserved 1048576K
}
Event: 3.595 GC heap after
{Heap after GC invocations=14 (full 0):
 garbage-first heap   total 103424K, used 27265K [0x000000008e400000, 0x0000000100000000)
  region size 1024K, 5 young (5120K), 5 survivors (5120K)
 Metaspace       used 51371K, committed 51840K, reserved 1114112K
  class space    used 6959K, committed 7168K, reserved 1048576K
}
Event: 4.071 GC heap before
{Heap before GC invocations=14 (full 0):
 garbage-first heap   total 103424K, used 81537K [0x000000008e400000, 0x0000000100000000)
  region size 1024K, 59 young (60416K), 5 survivors (5120K)
 Metaspace       used 59089K, committed 59584K, reserved 1114112K
  class space    used 8230K, committed 8448K, reserved 1048576K
}
Event: 4.076 GC heap after
{Heap after GC invocations=15 (full 0):
 garbage-first heap   total 103424K, used 28222K [0x000000008e400000, 0x0000000100000000)
  region size 1024K, 5 young (5120K), 5 survivors (5120K)
 Metaspace       used 59089K, committed 59584K, reserved 1114112K
  class space    used 8230K, committed 8448K, reserved 1048576K
}
Event: 4.134 GC heap before
{Heap before GC invocations=15 (full 0):
 garbage-first heap   total 103424K, used 33342K [0x000000008e400000, 0x0000000100000000)
  region size 1024K, 11 young (11264K), 5 survivors (5120K)
 Metaspace       used 59655K, committed 60096K, reserved 1114112K
  class space    used 8297K, committed 8512K, reserved 1048576K
}
Event: 4.138 GC heap after
{Heap after GC invocations=16 (full 0):
 garbage-first heap   total 103424K, used 28490K [0x000000008e400000, 0x0000000100000000)
  region size 1024K, 3 young (3072K), 3 survivors (3072K)
 Metaspace       used 59655K, committed 60096K, reserved 1114112K
  class space    used 8297K, committed 8512K, reserved 1048576K
}
Event: 4.635 GC heap before
{Heap before GC invocations=17 (full 0):
 garbage-first heap   total 103424K, used 83786K [0x000000008e400000, 0x0000000100000000)
  region size 1024K, 57 young (58368K), 3 survivors (3072K)
 Metaspace       used 64766K, committed 65216K, reserved 1114112K
  class space    used 9011K, committed 9216K, reserved 1048576K
}
Event: 4.643 GC heap after
{Heap after GC invocations=18 (full 0):
 garbage-first heap   total 103424K, used 31964K [0x000000008e400000, 0x0000000100000000)
  region size 1024K, 7 young (7168K), 7 survivors (7168K)
 Metaspace       used 64766K, committed 65216K, reserved 1114112K
  class space    used 9011K, committed 9216K, reserved 1048576K
}
Event: 5.476 GC heap before
{Heap before GC invocations=18 (full 0):
 garbage-first heap   total 103424K, used 82140K [0x000000008e400000, 0x0000000100000000)
  region size 1024K, 56 young (57344K), 7 survivors (7168K)
 Metaspace       used 69111K, committed 69632K, reserved 1114112K
  class space    used 9749K, committed 9984K, reserved 1048576K
}
Event: 5.486 GC heap after
{Heap after GC invocations=19 (full 0):
 garbage-first heap   total 124928K, used 34136K [0x000000008e400000, 0x0000000100000000)
  region size 1024K, 3 young (3072K), 3 survivors (3072K)
 Metaspace       used 69111K, committed 69632K, reserved 1114112K
  class space    used 9749K, committed 9984K, reserved 1048576K
}

