# JRE version: OpenJDK Runtime Environment (17.0.12+7) (build 17.0.12+7-Ubuntu-1ubuntu224.04)
# Java VM: OpenJDK 64-Bit Server VM (17.0.12+7-Ubuntu-1ubuntu224.04, mixed mode, sharing, tiered, compressed oops, compressed class ptrs, g1 gc, linux-amd64)
GC Precious Log:
 CPUs: 16 total, 12 available
 Memory: 7278M
 Large Page Support: Disabled
 NUMA Support: Disabled
 Compressed Oops: Enabled (32-bit)
 Heap Region Size: 1M
 Heap Min Capacity: 8M
 Heap Initial Capacity: 114M
 Heap Max Capacity: 1820M
 Pre-touch: Disabled
 Parallel Workers: 10
 Concurrent Workers: 3
 Concurrent Refinement Workers: 10
 Periodic GC: Disabled
Heap:
 garbage-first heap   total 106496K, used 54082K [0x000000008e400000, 0x0000000100000000)
  region size 1024K, 26 young (26624K), 6 survivors (6144K)
 Metaspace       used 71497K, committed 72000K, reserved 1114112K
  class space    used 10067K, committed 10304K, reserved 1048576K
GC Heap History (20 events):
Event: 1.434 GC heap before
{Heap before GC invocations=5 (full 0):
 garbage-first heap   total 68608K, used 54313K [0x000000008e400000, 0x0000000100000000)
  region size 1024K, 44 young (45056K), 7 survivors (7168K)
 Metaspace       used 25201K, committed 25536K, reserved 1114112K
  class space    used 3343K, committed 3520K, reserved 1048576K
}
Event: 1.440 GC heap after
{Heap after GC invocations=6 (full 0):
 garbage-first heap   total 68608K, used 19484K [0x000000008e400000, 0x0000000100000000)
  region size 1024K, 5 young (5120K), 5 survivors (5120K)
 Metaspace       used 25201K, committed 25536K, reserved 1114112K
  class space    used 3343K, committed 3520K, reserved 1048576K
}
Event: 1.447 GC heap before
{Heap before GC invocations=6 (full 0):
 garbage-first heap   total 68608K, used 20508K [0x000000008e400000, 0x0000000100000000)
  region size 1024K, 6 young (6144K), 5 survivors (5120K)
 Metaspace       used 25254K, committed 25600K, reserved 1114112K
  class space    used 3352K, committed 3520K, reserved 1048576K
}
Event: 1.451 GC heap after
{Heap after GC invocations=7 (full 0):
 garbage-first heap   total 68608K, used 19948K [0x000000008e400000, 0x0000000100000000)
  region size 1024K, 1 young (1024K), 1 survivors (1024K)
 Metaspace       used 25254K, committed 25600K, reserved 1114112K
  class space    used 3352K, committed 3520K, reserved 1048576K
}
Event: 1.676 GC heap before
{Heap before GC invocations=7 (full 0):
 garbage-first heap   total 68608K, used 47596K [0x000000008e400000, 0x0000000100000000)
  region size 1024K, 28 young (28672K), 1 survivors (1024K)
 Metaspace       used 27591K, committed 27904K, reserved 1114112K
  class space    used 3656K, committed 3840K, reserved 1048576K
}
Event: 1.680 GC heap after
{Heap after GC invocations=8 (full 0):
 garbage-first heap   total 137216K, used 20136K [0x000000008e400000, 0x0000000100000000)
  region size 1024K, 2 young (2048K), 2 survivors (2048K)
 Metaspace       used 27591K, committed 27904K, reserved 1114112K
  class space    used 3656K, committed 3840K, reserved 1048576K
}
Event: 2.281 GC heap before
{Heap before GC invocations=8 (full 0):
 garbage-first heap   total 137216K, used 98984K [0x000000008e400000, 0x0000000100000000)
  region size 1024K, 80 young (81920K), 2 survivors (2048K)
 Metaspace       used 35727K, committed 36096K, reserved 1114112K
  class space    used 4883K, committed 5056K, reserved 1048576K
}
Event: 2.286 GC heap after
{Heap after GC invocations=9 (full 0):
 garbage-first heap   total 137216K, used 22952K [0x000000008e400000, 0x0000000100000000)
  region size 1024K, 4 young (4096K), 4 survivors (4096K)
 Metaspace       used 35727K, committed 36096K, reserved 1114112K
  class space    used 4883K, committed 5056K, reserved 1048576K
}
Event: 2.761 GC heap before
{Heap before GC invocations=10 (full 0):
 garbage-first heap   total 89088K, used 72104K [0x000000008e400000, 0x0000000100000000)
  region size 1024K, 52 young (53248K), 4 survivors (4096K)
 Metaspace       used 46106K, committed 46528K, reserved 1114112K
  class space    used 6281K, committed 6464K, reserved 1048576K
}
Event: 2.767 GC heap after
{Heap after GC invocations=11 (full 0):
 garbage-first heap   total 89088K, used 25718K [0x000000008e400000, 0x0000000100000000)
  region size 1024K, 6 young (6144K), 6 survivors (6144K)
 Metaspace       used 46106K, committed 46528K, reserved 1114112K
  class space    used 6281K, committed 6464K, reserved 1048576K
}
Event: 3.013 GC heap before
{Heap before GC invocations=11 (full 0):
 garbage-first heap   total 89088K, used 68726K [0x000000008e400000, 0x0000000100000000)
  region size 1024K, 48 young (49152K), 6 survivors (6144K)
 Metaspace       used 51056K, committed 51456K, reserved 1114112K
  class space    used 6911K, committed 7104K, reserved 1048576K
}
Event: 3.021 GC heap after
{Heap after GC invocations=12 (full 0):
 garbage-first heap   total 89088K, used 26959K [0x000000008e400000, 0x0000000100000000)
  region size 1024K, 4 young (4096K), 4 survivors (4096K)
 Metaspace       used 51056K, committed 51456K, reserved 1114112K
  class space    used 6911K, committed 7104K, reserved 1048576K
}
Event: 3.285 GC heap before
{Heap before GC invocations=12 (full 0):
 garbage-first heap   total 89088K, used 68943K [0x000000008e400000, 0x0000000100000000)
  region size 1024K, 46 young (47104K), 4 survivors (4096K)
 Metaspace       used 57216K, committed 57664K, reserved 1114112K
  class space    used 7950K, committed 8192K, reserved 1048576K
}
Event: 3.290 GC heap after
{Heap after GC invocations=13 (full 0):
 garbage-first heap   total 107520K, used 28066K [0x000000008e400000, 0x0000000100000000)
  region size 1024K, 3 young (3072K), 3 survivors (3072K)
 Metaspace       used 57216K, committed 57664K, reserved 1114112K
  class space    used 7950K, committed 8192K, reserved 1048576K
}
Event: 3.448 GC heap before
{Heap before GC invocations=13 (full 0):
 garbage-first heap   total 107520K, used 50594K [0x000000008e400000, 0x0000000100000000)
  region size 1024K, 26 young (26624K), 3 survivors (3072K)
 Metaspace       used 60058K, committed 60480K, reserved 1114112K
  class space    used 8317K, committed 8512K, reserved 1048576K
}
Event: 3.452 GC heap after
{Heap after GC invocations=14 (full 0):
 garbage-first heap   total 107520K, used 28700K [0x000000008e400000, 0x0000000100000000)
  region size 1024K, 3 young (3072K), 3 survivors (3072K)
 Metaspace       used 60058K, committed 60480K, reserved 1114112K
  class space    used 8317K, committed 8512K, reserved 1048576K
}
Event: 3.955 GC heap before
{Heap before GC invocations=15 (full 0):
 garbage-first heap   total 106496K, used 87068K [0x000000008e400000, 0x0000000100000000)
  region size 1024K, 60 young (61440K), 3 survivors (3072K)
 Metaspace       used 65535K, committed 66048K, reserved 1114112K
  class space    used 9117K, committed 9344K, reserved 1048576K
}
Event: 3.964 GC heap after
{Heap after GC invocations=16 (full 0):
 garbage-first heap   total 106496K, used 32613K [0x000000008e400000, 0x0000000100000000)
  region size 1024K, 7 young (7168K), 7 survivors (7168K)
 Metaspace       used 65535K, committed 66048K, reserved 1114112K
  class space    used 9117K, committed 9344K, reserved 1048576K
}
Event: 4.714 GC heap before
{Heap before GC invocations=16 (full 0):
 garbage-first heap   total 106496K, used 84837K [0x000000008e400000, 0x0000000100000000)
  region size 1024K, 58 young (59392K), 7 survivors (7168K)
 Metaspace       used 70559K, committed 71104K, reserved 1114112K
  class space    used 9918K, committed 10176K, reserved 1048576K
}
Event: 4.725 GC heap after
{Heap after GC invocations=17 (full 0):
 garbage-first heap   total 106496K, used 34626K [0x000000008e400000, 0x0000000100000000)
  region size 1024K, 6 young (6144K), 6 survivors (6144K)
 Metaspace       used 70559K, committed 71104K, reserved 1114112K
  class space    used 9918K, committed 10176K, reserved 1048576K
}

