# JRE version: OpenJDK Runtime Environment (17.0.12+7) (build 17.0.12+7-Ubuntu-1ubuntu224.04)
# Java VM: OpenJDK 64-Bit Server VM (17.0.12+7-Ubuntu-1ubuntu224.04, mixed mode, sharing, tiered, compressed oops, compressed class ptrs, g1 gc, linux-amd64)
GC Precious Log:
 CPUs: 16 total, 12 available
 Memory: 7278M
 Large Page Support: Disabled
 NUMA Support: Disabled
 Compressed Oops: Enabled (32-bit)
 Heap Region Size: 1M
 Heap Min Capacity: 8M
 Heap Initial Capacity: 114M
 Heap Max Capacity: 1820M
 Pre-touch: Disabled
 Parallel Workers: 10
 Concurrent Workers: 3
 Concurrent Refinement Workers: 10
 Periodic GC: Disabled
Heap:
 garbage-first heap   total 124928K, used 49006K [0x000000008e400000, 0x0000000100000000)
  region size 1024K, 18 young (18432K), 3 survivors (3072K)
 Metaspace       used 71495K, committed 72000K, reserved 1114112K
  class space    used 10066K, committed 10304K, reserved 1048576K
GC Heap History (20 events):
Event: 1.761 GC heap before
{Heap before GC invocations=7 (full 0):
 garbage-first heap   total 71680K, used 48765K [0x000000008e400000, 0x0000000100000000)
  region size 1024K, 34 young (34816K), 5 survivors (5120K)
 Metaspace       used 27765K, committed 28096K, reserved 1114112K
  class space    used 3688K, committed 3840K, reserved 1048576K
}
Event: 1.766 GC heap after
{Heap after GC invocations=8 (full 0):
 garbage-first heap   total 86016K, used 20448K [0x000000008e400000, 0x0000000100000000)
  region size 1024K, 5 young (5120K), 5 survivors (5120K)
 Metaspace       used 27765K, committed 28096K, reserved 1114112K
  class space    used 3688K, committed 3840K, reserved 1048576K
}
Event: 2.069 GC heap before
{Heap before GC invocations=8 (full 0):
 garbage-first heap   total 86016K, used 58336K [0x000000008e400000, 0x0000000100000000)
  region size 1024K, 42 young (43008K), 5 survivors (5120K)
 Metaspace       used 30896K, committed 31232K, reserved 1114112K
  class space    used 4182K, committed 4352K, reserved 1048576K
}
Event: 2.076 GC heap after
{Heap after GC invocations=9 (full 0):
 garbage-first heap   total 86016K, used 22256K [0x000000008e400000, 0x0000000100000000)
  region size 1024K, 4 young (4096K), 4 survivors (4096K)
 Metaspace       used 30896K, committed 31232K, reserved 1114112K
  class space    used 4182K, committed 4352K, reserved 1048576K
}
Event: 2.329 GC heap before
{Heap before GC invocations=9 (full 0):
 garbage-first heap   total 86016K, used 59120K [0x000000008e400000, 0x0000000100000000)
  region size 1024K, 41 young (41984K), 4 survivors (4096K)
 Metaspace       used 35554K, committed 35968K, reserved 1114112K
  class space    used 4849K, committed 5056K, reserved 1048576K
}
Event: 2.334 GC heap after
{Heap after GC invocations=10 (full 0):
 garbage-first heap   total 86016K, used 23284K [0x000000008e400000, 0x0000000100000000)
  region size 1024K, 3 young (3072K), 3 survivors (3072K)
 Metaspace       used 35554K, committed 35968K, reserved 1114112K
  class space    used 4849K, committed 5056K, reserved 1048576K
}
Event: 2.717 GC heap before
{Heap before GC invocations=11 (full 0):
 garbage-first heap   total 86016K, used 63220K [0x000000008e400000, 0x0000000100000000)
  region size 1024K, 42 young (43008K), 3 survivors (3072K)
 Metaspace       used 44638K, committed 45056K, reserved 1114112K
  class space    used 6072K, committed 6272K, reserved 1048576K
}
Event: 2.722 GC heap after
{Heap after GC invocations=12 (full 0):
 garbage-first heap   total 86016K, used 25332K [0x000000008e400000, 0x0000000100000000)
  region size 1024K, 5 young (5120K), 5 survivors (5120K)
 Metaspace       used 44638K, committed 45056K, reserved 1114112K
  class space    used 6072K, committed 6272K, reserved 1048576K
}
Event: 2.953 GC heap before
{Heap before GC invocations=12 (full 0):
 garbage-first heap   total 86016K, used 64244K [0x000000008e400000, 0x0000000100000000)
  region size 1024K, 43 young (44032K), 5 survivors (5120K)
 Metaspace       used 49378K, committed 49792K, reserved 1114112K
  class space    used 6694K, committed 6912K, reserved 1048576K
}
Event: 2.959 GC heap after
{Heap after GC invocations=13 (full 0):
 garbage-first heap   total 103424K, used 26970K [0x000000008e400000, 0x0000000100000000)
  region size 1024K, 4 young (4096K), 4 survivors (4096K)
 Metaspace       used 49378K, committed 49792K, reserved 1114112K
  class space    used 6694K, committed 6912K, reserved 1048576K
}
Event: 3.269 GC heap before
{Heap before GC invocations=13 (full 0):
 garbage-first heap   total 103424K, used 77146K [0x000000008e400000, 0x0000000100000000)
  region size 1024K, 54 young (55296K), 4 survivors (4096K)
 Metaspace       used 56346K, committed 56768K, reserved 1114112K
  class space    used 7811K, committed 8000K, reserved 1048576K
}
Event: 3.273 GC heap after
{Heap after GC invocations=14 (full 0):
 garbage-first heap   total 103424K, used 27793K [0x000000008e400000, 0x0000000100000000)
  region size 1024K, 5 young (5120K), 5 survivors (5120K)
 Metaspace       used 56346K, committed 56768K, reserved 1114112K
  class space    used 7811K, committed 8000K, reserved 1048576K
}
Event: 3.448 GC heap before
{Heap before GC invocations=14 (full 0):
 garbage-first heap   total 103424K, used 54417K [0x000000008e400000, 0x0000000100000000)
  region size 1024K, 32 young (32768K), 5 survivors (5120K)
 Metaspace       used 59872K, committed 60288K, reserved 1114112K
  class space    used 8310K, committed 8512K, reserved 1048576K
}
Event: 3.454 GC heap after
{Heap after GC invocations=15 (full 0):
 garbage-first heap   total 103424K, used 28814K [0x000000008e400000, 0x0000000100000000)
  region size 1024K, 4 young (4096K), 4 survivors (4096K)
 Metaspace       used 59872K, committed 60288K, reserved 1114112K
  class space    used 8310K, committed 8512K, reserved 1048576K
}
Event: 3.926 GC heap before
{Heap before GC invocations=16 (full 0):
 garbage-first heap   total 103424K, used 81038K [0x000000008e400000, 0x0000000100000000)
  region size 1024K, 55 young (56320K), 4 survivors (4096K)
 Metaspace       used 64786K, committed 65216K, reserved 1114112K
  class space    used 9016K, committed 9216K, reserved 1048576K
}
Event: 3.933 GC heap after
{Heap after GC invocations=17 (full 0):
 garbage-first heap   total 103424K, used 32144K [0x000000008e400000, 0x0000000100000000)
  region size 1024K, 7 young (7168K), 7 survivors (7168K)
 Metaspace       used 64786K, committed 65216K, reserved 1114112K
  class space    used 9016K, committed 9216K, reserved 1048576K
}
Event: 4.650 GC heap before
{Heap before GC invocations=17 (full 0):
 garbage-first heap   total 103424K, used 81296K [0x000000008e400000, 0x0000000100000000)
  region size 1024K, 55 young (56320K), 7 survivors (7168K)
 Metaspace       used 69012K, committed 69568K, reserved 1114112K
  class space    used 9730K, committed 9984K, reserved 1048576K
}
Event: 4.662 GC heap after
{Heap after GC invocations=18 (full 0):
 garbage-first heap   total 103424K, used 34025K [0x000000008e400000, 0x0000000100000000)
  region size 1024K, 6 young (6144K), 6 survivors (6144K)
 Metaspace       used 69012K, committed 69568K, reserved 1114112K
  class space    used 9730K, committed 9984K, reserved 1048576K
}
Event: 5.147 GC heap before
{Heap before GC invocations=18 (full 0):
 garbage-first heap   total 103424K, used 81129K [0x000000008e400000, 0x0000000100000000)
  region size 1024K, 52 young (53248K), 6 survivors (6144K)
 Metaspace       used 71290K, committed 71808K, reserved 1114112K
  class space    used 10036K, committed 10304K, reserved 1048576K
}
Event: 5.158 GC heap after
{Heap after GC invocations=19 (full 0):
 garbage-first heap   total 124928K, used 34670K [0x000000008e400000, 0x0000000100000000)
  region size 1024K, 3 young (3072K), 3 survivors (3072K)
 Metaspace       used 71290K, committed 71808K, reserved 1114112K
  class space    used 10036K, committed 10304K, reserved 1048576K
}

