# JRE version: OpenJDK Runtime Environment (17.0.12+7) (build 17.0.12+7-Ubuntu-1ubuntu224.04)
# Java VM: OpenJDK 64-Bit Server VM (17.0.12+7-Ubuntu-1ubuntu224.04, mixed mode, sharing, tiered, compressed oops, compressed class ptrs, g1 gc, linux-amd64)
GC Precious Log:
 CPUs: 16 total, 12 available
 Memory: 7278M
 Large Page Support: Disabled
 NUMA Support: Disabled
 Compressed Oops: Enabled (32-bit)
 Heap Region Size: 1M
 Heap Min Capacity: 8M
 Heap Initial Capacity: 114M
 Heap Max Capacity: 1820M
 Pre-touch: Disabled
 Parallel Workers: 10
 Concurrent Workers: 3
 Concurrent Refinement Workers: 10
 Periodic GC: Disabled
Heap:
 garbage-first heap   total 124928K, used 48348K [0x000000008e400000, 0x0000000100000000)
  region size 1024K, 21 young (21504K), 6 survivors (6144K)
 Metaspace       used 71505K, committed 72000K, reserved 1114112K
  class space    used 10067K, committed 10304K, reserved 1048576K
GC Heap History (20 events):
Event: 1.401 GC heap before
{Heap before GC invocations=6 (full 0):
 garbage-first heap   total 71680K, used 53789K [0x000000008e400000, 0x0000000100000000)
  region size 1024K, 42 young (43008K), 6 survivors (6144K)
 Metaspace       used 23715K, committed 23936K, reserved 1114112K
  class space    used 3130K, committed 3200K, reserved 1048576K
}
Event: 1.404 GC heap after
{Heap after GC invocations=7 (full 0):
 garbage-first heap   total 86016K, used 18601K [0x000000008e400000, 0x0000000100000000)
  region size 1024K, 4 young (4096K), 4 survivors (4096K)
 Metaspace       used 23715K, committed 23936K, reserved 1114112K
  class space    used 3130K, committed 3200K, reserved 1048576K
}
Event: 1.730 GC heap before
{Heap before GC invocations=7 (full 0):
 garbage-first heap   total 86016K, used 59561K [0x000000008e400000, 0x0000000100000000)
  region size 1024K, 44 young (45056K), 4 survivors (4096K)
 Metaspace       used 27761K, committed 28032K, reserved 1114112K
  class space    used 3687K, committed 3840K, reserved 1048576K
}
Event: 1.734 GC heap after
{Heap after GC invocations=8 (full 0):
 garbage-first heap   total 86016K, used 20529K [0x000000008e400000, 0x0000000100000000)
  region size 1024K, 5 young (5120K), 5 survivors (5120K)
 Metaspace       used 27761K, committed 28032K, reserved 1114112K
  class space    used 3687K, committed 3840K, reserved 1048576K
}
Event: 2.132 GC heap before
{Heap before GC invocations=8 (full 0):
 garbage-first heap   total 86016K, used 61489K [0x000000008e400000, 0x0000000100000000)
  region size 1024K, 45 young (46080K), 5 survivors (5120K)
 Metaspace       used 31117K, committed 31552K, reserved 1114112K
  class space    used 4220K, committed 4416K, reserved 1048576K
}
Event: 2.139 GC heap after
{Heap after GC invocations=9 (full 0):
 garbage-first heap   total 86016K, used 22670K [0x000000008e400000, 0x0000000100000000)
  region size 1024K, 6 young (6144K), 6 survivors (6144K)
 Metaspace       used 31117K, committed 31552K, reserved 1114112K
  class space    used 4220K, committed 4416K, reserved 1048576K
}
Event: 2.390 GC heap before
{Heap before GC invocations=9 (full 0):
 garbage-first heap   total 86016K, used 57486K [0x000000008e400000, 0x0000000100000000)
  region size 1024K, 41 young (41984K), 6 survivors (6144K)
 Metaspace       used 35601K, committed 35968K, reserved 1114112K
  class space    used 4853K, committed 5056K, reserved 1048576K
}
Event: 2.396 GC heap after
{Heap after GC invocations=10 (full 0):
 garbage-first heap   total 86016K, used 23159K [0x000000008e400000, 0x0000000100000000)
  region size 1024K, 3 young (3072K), 3 survivors (3072K)
 Metaspace       used 35601K, committed 35968K, reserved 1114112K
  class space    used 4853K, committed 5056K, reserved 1048576K
}
Event: 2.825 GC heap before
{Heap before GC invocations=11 (full 0):
 garbage-first heap   total 86016K, used 65143K [0x000000008e400000, 0x0000000100000000)
  region size 1024K, 44 young (45056K), 3 survivors (3072K)
 Metaspace       used 45098K, committed 45504K, reserved 1114112K
  class space    used 6121K, committed 6336K, reserved 1048576K
}
Event: 2.831 GC heap after
{Heap after GC invocations=12 (full 0):
 garbage-first heap   total 103424K, used 25609K [0x000000008e400000, 0x0000000100000000)
  region size 1024K, 6 young (6144K), 6 survivors (6144K)
 Metaspace       used 45098K, committed 45504K, reserved 1114112K
  class space    used 6121K, committed 6336K, reserved 1048576K
}
Event: 3.201 GC heap before
{Heap before GC invocations=12 (full 0):
 garbage-first heap   total 103424K, used 78857K [0x000000008e400000, 0x0000000100000000)
  region size 1024K, 58 young (59392K), 6 survivors (6144K)
 Metaspace       used 51210K, committed 51648K, reserved 1114112K
  class space    used 6927K, committed 7104K, reserved 1048576K
}
Event: 3.208 GC heap after
{Heap after GC invocations=13 (full 0):
 garbage-first heap   total 103424K, used 27339K [0x000000008e400000, 0x0000000100000000)
  region size 1024K, 5 young (5120K), 5 survivors (5120K)
 Metaspace       used 51210K, committed 51648K, reserved 1114112K
  class space    used 6927K, committed 7104K, reserved 1048576K
}
Event: 3.602 GC heap before
{Heap before GC invocations=13 (full 0):
 garbage-first heap   total 103424K, used 80587K [0x000000008e400000, 0x0000000100000000)
  region size 1024K, 57 young (58368K), 5 survivors (5120K)
 Metaspace       used 58798K, committed 59264K, reserved 1114112K
  class space    used 8171K, committed 8384K, reserved 1048576K
}
Event: 3.607 GC heap after
{Heap after GC invocations=14 (full 0):
 garbage-first heap   total 103424K, used 28505K [0x000000008e400000, 0x0000000100000000)
  region size 1024K, 6 young (6144K), 6 survivors (6144K)
 Metaspace       used 58798K, committed 59264K, reserved 1114112K
  class space    used 8171K, committed 8384K, reserved 1048576K
}
Event: 3.693 GC heap before
{Heap before GC invocations=14 (full 0):
 garbage-first heap   total 103424K, used 36697K [0x000000008e400000, 0x0000000100000000)
  region size 1024K, 15 young (15360K), 6 survivors (6144K)
 Metaspace       used 59735K, committed 60160K, reserved 1114112K
  class space    used 8304K, committed 8512K, reserved 1048576K
}
Event: 3.698 GC heap after
{Heap after GC invocations=15 (full 0):
 garbage-first heap   total 103424K, used 28911K [0x000000008e400000, 0x0000000100000000)
  region size 1024K, 4 young (4096K), 4 survivors (4096K)
 Metaspace       used 59735K, committed 60160K, reserved 1114112K
  class space    used 8304K, committed 8512K, reserved 1048576K
}
Event: 4.151 GC heap before
{Heap before GC invocations=16 (full 0):
 garbage-first heap   total 103424K, used 82159K [0x000000008e400000, 0x0000000100000000)
  region size 1024K, 56 young (57344K), 4 survivors (4096K)
 Metaspace       used 64659K, committed 65152K, reserved 1114112K
  class space    used 8993K, committed 9216K, reserved 1048576K
}
Event: 4.158 GC heap after
{Heap after GC invocations=17 (full 0):
 garbage-first heap   total 124928K, used 32185K [0x000000008e400000, 0x0000000100000000)
  region size 1024K, 7 young (7168K), 7 survivors (7168K)
 Metaspace       used 64659K, committed 65152K, reserved 1114112K
  class space    used 8993K, committed 9216K, reserved 1048576K
}
Event: 5.351 GC heap before
{Heap before GC invocations=17 (full 0):
 garbage-first heap   total 124928K, used 98745K [0x000000008e400000, 0x0000000100000000)
  region size 1024K, 72 young (73728K), 7 survivors (7168K)
 Metaspace       used 71049K, committed 71552K, reserved 1114112K
  class space    used 9981K, committed 10240K, reserved 1048576K
}
Event: 5.361 GC heap after
{Heap after GC invocations=18 (full 0):
 garbage-first heap   total 124928K, used 34012K [0x000000008e400000, 0x0000000100000000)
  region size 1024K, 6 young (6144K), 6 survivors (6144K)
 Metaspace       used 71049K, committed 71552K, reserved 1114112K
  class space    used 9981K, committed 10240K, reserved 1048576K
}

