# JRE version: OpenJDK Runtime Environment (17.0.12+7) (build 17.0.12+7-Ubuntu-1ubuntu224.04)
# Java VM: OpenJDK 64-Bit Server VM (17.0.12+7-Ubuntu-1ubuntu224.04, mixed mode, sharing, tiered, compressed oops, compressed class ptrs, g1 gc, linux-amd64)
GC Precious Log:
 CPUs: 16 total, 12 available
 Memory: 7278M
 Large Page Support: Disabled
 NUMA Support: Disabled
 Compressed Oops: Enabled (32-bit)
 Heap Region Size: 1M
 Heap Min Capacity: 8M
 Heap Initial Capacity: 114M
 Heap Max Capacity: 1820M
 Pre-touch: Disabled
 Parallel Workers: 10
 Concurrent Workers: 3
 Concurrent Refinement Workers: 10
 Periodic GC: Disabled
Heap:
 garbage-first heap   total 109568K, used 52693K [0x000000008e400000, 0x0000000100000000)
  region size 1024K, 25 young (25600K), 6 survivors (6144K)
 Metaspace       used 71495K, committed 72000K, reserved 1114112K
  class space    used 10067K, committed 10304K, reserved 1048576K
GC Heap History (20 events):
Event: 1.413 GC heap before
{Heap before GC invocations=6 (full 0):
 garbage-first heap   total 68608K, used 52209K [0x000000008e400000, 0x0000000100000000)
  region size 1024K, 39 young (39936K), 3 survivors (3072K)
 Metaspace       used 24750K, committed 25088K, reserved 1114112K
  class space    used 3283K, committed 3456K, reserved 1048576K
}
Event: 1.416 GC heap after
{Heap after GC invocations=7 (full 0):
 garbage-first heap   total 68608K, used 18929K [0x000000008e400000, 0x0000000100000000)
  region size 1024K, 5 young (5120K), 5 survivors (5120K)
 Metaspace       used 24750K, committed 25088K, reserved 1114112K
  class space    used 3283K, committed 3456K, reserved 1048576K
}
Event: 1.421 GC heap before
{Heap before GC invocations=7 (full 0):
 garbage-first heap   total 68608K, used 18929K [0x000000008e400000, 0x0000000100000000)
  region size 1024K, 6 young (6144K), 5 survivors (5120K)
 Metaspace       used 24874K, committed 25152K, reserved 1114112K
  class space    used 3298K, committed 3456K, reserved 1048576K
}
Event: 1.424 GC heap after
{Heap after GC invocations=8 (full 0):
 garbage-first heap   total 82944K, used 19459K [0x000000008e400000, 0x0000000100000000)
  region size 1024K, 1 young (1024K), 1 survivors (1024K)
 Metaspace       used 24874K, committed 25152K, reserved 1114112K
  class space    used 3298K, committed 3456K, reserved 1048576K
}
Event: 1.748 GC heap before
{Heap before GC invocations=8 (full 0):
 garbage-first heap   total 82944K, used 56323K [0x000000008e400000, 0x0000000100000000)
  region size 1024K, 38 young (38912K), 1 survivors (1024K)
 Metaspace       used 28288K, committed 28544K, reserved 1114112K
  class space    used 3775K, committed 3904K, reserved 1048576K
}
Event: 1.751 GC heap after
{Heap after GC invocations=9 (full 0):
 garbage-first heap   total 82944K, used 20852K [0x000000008e400000, 0x0000000100000000)
  region size 1024K, 3 young (3072K), 3 survivors (3072K)
 Metaspace       used 28288K, committed 28544K, reserved 1114112K
  class space    used 3775K, committed 3904K, reserved 1048576K
}
Event: 2.030 GC heap before
{Heap before GC invocations=9 (full 0):
 garbage-first heap   total 82944K, used 58740K [0x000000008e400000, 0x0000000100000000)
  region size 1024K, 40 young (40960K), 3 survivors (3072K)
 Metaspace       used 32038K, committed 32384K, reserved 1114112K
  class space    used 4308K, committed 4480K, reserved 1048576K
}
Event: 2.035 GC heap after
{Heap after GC invocations=10 (full 0):
 garbage-first heap   total 82944K, used 22644K [0x000000008e400000, 0x0000000100000000)
  region size 1024K, 4 young (4096K), 4 survivors (4096K)
 Metaspace       used 32038K, committed 32384K, reserved 1114112K
  class space    used 4308K, committed 4480K, reserved 1048576K
}
Event: 2.217 GC heap before
{Heap before GC invocations=10 (full 0):
 garbage-first heap   total 82944K, used 53364K [0x000000008e400000, 0x0000000100000000)
  region size 1024K, 35 young (35840K), 4 survivors (4096K)
 Metaspace       used 35715K, committed 36096K, reserved 1114112K
  class space    used 4883K, committed 5056K, reserved 1048576K
}
Event: 2.221 GC heap after
{Heap after GC invocations=11 (full 0):
 garbage-first heap   total 82944K, used 23332K [0x000000008e400000, 0x0000000100000000)
  region size 1024K, 3 young (3072K), 3 survivors (3072K)
 Metaspace       used 35715K, committed 36096K, reserved 1114112K
  class space    used 4883K, committed 5056K, reserved 1048576K
}
Event: 2.567 GC heap before
{Heap before GC invocations=12 (full 0):
 garbage-first heap   total 82944K, used 62244K [0x000000008e400000, 0x0000000100000000)
  region size 1024K, 41 young (41984K), 3 survivors (3072K)
 Metaspace       used 44686K, committed 45120K, reserved 1114112K
  class space    used 6080K, committed 6272K, reserved 1048576K
}
Event: 2.572 GC heap after
{Heap after GC invocations=13 (full 0):
 garbage-first heap   total 82944K, used 25743K [0x000000008e400000, 0x0000000100000000)
  region size 1024K, 5 young (5120K), 5 survivors (5120K)
 Metaspace       used 44686K, committed 45120K, reserved 1114112K
  class space    used 6080K, committed 6272K, reserved 1048576K
}
Event: 2.805 GC heap before
{Heap before GC invocations=13 (full 0):
 garbage-first heap   total 82944K, used 62607K [0x000000008e400000, 0x0000000100000000)
  region size 1024K, 41 young (41984K), 5 survivors (5120K)
 Metaspace       used 49143K, committed 49536K, reserved 1114112K
  class space    used 6661K, committed 6848K, reserved 1048576K
}
Event: 2.811 GC heap after
{Heap after GC invocations=14 (full 0):
 garbage-first heap   total 165888K, used 26581K [0x000000008e400000, 0x0000000100000000)
  region size 1024K, 4 young (4096K), 4 survivors (4096K)
 Metaspace       used 49143K, committed 49536K, reserved 1114112K
  class space    used 6661K, committed 6848K, reserved 1048576K
}
Event: 3.346 GC heap before
{Heap before GC invocations=14 (full 0):
 garbage-first heap   total 165888K, used 107477K [0x000000008e400000, 0x0000000100000000)
  region size 1024K, 85 young (87040K), 4 survivors (4096K)
 Metaspace       used 60067K, committed 60480K, reserved 1114112K
  class space    used 8318K, committed 8512K, reserved 1048576K
}
Event: 3.352 GC heap after
{Heap after GC invocations=15 (full 0):
 garbage-first heap   total 165888K, used 29139K [0x000000008e400000, 0x0000000100000000)
  region size 1024K, 7 young (7168K), 7 survivors (7168K)
 Metaspace       used 60067K, committed 60480K, reserved 1114112K
  class space    used 8318K, committed 8512K, reserved 1048576K
}
Event: 3.822 GC heap before
{Heap before GC invocations=16 (full 0):
 garbage-first heap   total 109568K, used 87507K [0x000000008e400000, 0x0000000100000000)
  region size 1024K, 64 young (65536K), 7 survivors (7168K)
 Metaspace       used 65451K, committed 65920K, reserved 1114112K
  class space    used 9108K, committed 9344K, reserved 1048576K
}
Event: 3.832 GC heap after
{Heap after GC invocations=17 (full 0):
 garbage-first heap   total 109568K, used 32565K [0x000000008e400000, 0x0000000100000000)
  region size 1024K, 7 young (7168K), 7 survivors (7168K)
 Metaspace       used 65451K, committed 65920K, reserved 1114112K
  class space    used 9108K, committed 9344K, reserved 1048576K
}
Event: 4.631 GC heap before
{Heap before GC invocations=17 (full 0):
 garbage-first heap   total 109568K, used 86837K [0x000000008e400000, 0x0000000100000000)
  region size 1024K, 60 young (61440K), 7 survivors (7168K)
 Metaspace       used 70664K, committed 71232K, reserved 1114112K
  class space    used 9921K, committed 10176K, reserved 1048576K
}
Event: 4.640 GC heap after
{Heap after GC invocations=18 (full 0):
 garbage-first heap   total 109568K, used 34261K [0x000000008e400000, 0x0000000100000000)
  region size 1024K, 6 young (6144K), 6 survivors (6144K)
 Metaspace       used 70664K, committed 71232K, reserved 1114112K
  class space    used 9921K, committed 10176K, reserved 1048576K
}

